c:\users\nitesh\documents\visual studio 2015\projects\consoleapplication1\consoleapplication1\x64\debug\consoleapplication1.pch
c:\users\nitesh\documents\visual studio 2015\projects\consoleapplication1\consoleapplication1\x64\debug\vc140.pdb
c:\users\nitesh\documents\visual studio 2015\projects\consoleapplication1\consoleapplication1\x64\debug\stdafx.obj
c:\users\nitesh\documents\visual studio 2015\projects\consoleapplication1\consoleapplication1\x64\debug\consoleapplication1.obj
c:\users\nitesh\documents\visual studio 2015\projects\consoleapplication1\consoleapplication1\x64\debug\assemblyinfo.obj
c:\users\nitesh\documents\visual studio 2015\projects\consoleapplication1\consoleapplication1\x64\debug\.netframework,version=v4.5.2.assemblyattributes.obj
c:\users\nitesh\documents\visual studio 2015\projects\consoleapplication1\consoleapplication1\x64\debug\.netframework,version=v4.5.2.assemblyattributes.asm
c:\users\nitesh\documents\visual studio 2015\projects\consoleapplication1\x64\debug\consoleapplication1.exe
c:\users\nitesh\documents\visual studio 2015\projects\consoleapplication1\x64\debug\consoleapplication1.pdb
c:\users\nitesh\documents\visual studio 2015\projects\consoleapplication1\consoleapplication1\x64\debug\app.res
c:\users\nitesh\documents\visual studio 2015\projects\consoleapplication1\consoleapplication1\x64\debug\consoleapplication1.vcxprojresolveassemblyreference.cache
c:\users\nitesh\documents\visual studio 2015\projects\consoleapplication1\consoleapplication1\x64\debug\consolea.dc066ff0.tlog\cl.command.1.tlog
c:\users\nitesh\documents\visual studio 2015\projects\consoleapplication1\consoleapplication1\x64\debug\consolea.dc066ff0.tlog\cl.read.1.tlog
c:\users\nitesh\documents\visual studio 2015\projects\consoleapplication1\consoleapplication1\x64\debug\consolea.dc066ff0.tlog\cl.write.1.tlog
c:\users\nitesh\documents\visual studio 2015\projects\consoleapplication1\consoleapplication1\x64\debug\consolea.dc066ff0.tlog\link.command.1.tlog
c:\users\nitesh\documents\visual studio 2015\projects\consoleapplication1\consoleapplication1\x64\debug\consolea.dc066ff0.tlog\link.read.1.tlog
c:\users\nitesh\documents\visual studio 2015\projects\consoleapplication1\consoleapplication1\x64\debug\consolea.dc066ff0.tlog\link.write.1.tlog
c:\users\nitesh\documents\visual studio 2015\projects\consoleapplication1\consoleapplication1\x64\debug\consolea.dc066ff0.tlog\metagen.read.1.tlog
c:\users\nitesh\documents\visual studio 2015\projects\consoleapplication1\consoleapplication1\x64\debug\consolea.dc066ff0.tlog\metagen.write.1.tlog
c:\users\nitesh\documents\visual studio 2015\projects\consoleapplication1\consoleapplication1\x64\debug\consolea.dc066ff0.tlog\rc.command.1.tlog
c:\users\nitesh\documents\visual studio 2015\projects\consoleapplication1\consoleapplication1\x64\debug\consolea.dc066ff0.tlog\rc.read.1.tlog
c:\users\nitesh\documents\visual studio 2015\projects\consoleapplication1\consoleapplication1\x64\debug\consolea.dc066ff0.tlog\rc.write.1.tlog
c:\users\nitesh\documents\visual studio 2015\projects\consoleapplication1\consoleapplication1\x64\debug\consolea.dc066ff0.tlog\tzres.dll.bi
